-------------------------------------------------------------------------------
Test set: com.fleetvane.shipment.service.ShipmentServiceTest
-------------------------------------------------------------------------------
Tests run: 3, Failures: 0, Errors: 2, Skipped: 0, Time elapsed: 0.166 s <<< FAILURE! -- in com.fleetvane.shipment.service.ShipmentServiceTest
com.fleetvane.shipment.service.ShipmentServiceTest.testUpdateStatus_DriverAuth_Failure -- Time elapsed: 0.130 s <<< ERROR!
org.mockito.exceptions.misusing.UnnecessaryStubbingException: 

Unnecessary stubbings detected.
Clean & maintainable test code requires zero unnecessary code.
Following stubbings are unnecessary (click to navigate to relevant line of code):
  1. -> at com.fleetvane.shipment.service.ShipmentServiceTest.testUpdateStatus_DriverAuth_Failure(ShipmentServiceTest.java:85)
Please remove unnecessary stubbings or use 'lenient' strictness. More info: javadoc for UnnecessaryStubbingException class.
	at org.mockito.junit.jupiter.MockitoExtension.afterEach(MockitoExtension.java:197)
	at java.base/java.util.ArrayList.forEach(ArrayList.java:1596)
	at java.base/java.util.ArrayList.forEach(ArrayList.java:1596)

com.fleetvane.shipment.service.ShipmentServiceTest.testUpdateStatus_StateMachineLogic_Success -- Time elapsed: 0.012 s <<< ERROR!
com.fleetvane.shared.exception.BusinessException: Access Denied
	at com.fleetvane.shipment.service.ShipmentService.lambda$updateStatus$5(ShipmentService.java:114)
	at java.base/java.util.Optional.orElseThrow(Optional.java:403)
	at com.fleetvane.shipment.service.ShipmentService.updateStatus(ShipmentService.java:114)
	at com.fleetvane.shipment.service.ShipmentServiceTest.testUpdateStatus_StateMachineLogic_Success(ShipmentServiceTest.java:70)
	at java.base/java.lang.reflect.Method.invoke(Method.java:580)
	at java.base/java.util.ArrayList.forEach(ArrayList.java:1596)
	at java.base/java.util.ArrayList.forEach(ArrayList.java:1596)

